<?xml version="1.0" encoding="UTF-8"?>
<!-- Generated by org.testng.reporters.JUnitReportReporter -->
<testsuite hostname="DESKTOP-GOMK6OD" name="restRunner" tests="1" failures="0" timestamp="19 Jul 2018 11:01:43 GMT" time="6.271" errors="0">
  <testcase name="SoapTest" time="6.271" classname="restRunner"/>
</testsuite> <!-- restRunner -->
