<?xml version="1.0" encoding="UTF-8"?>
<!-- Generated by org.testng.reporters.JUnitReportReporter -->
<testsuite hostname="DESKTOP-GOMK6OD" name="Soap.testRunner2" tests="1" failures="0" timestamp="27 Jul 2018 10:50:16 GMT" time="0.256" errors="0">
  <testcase name="singleTest" time="0.256" classname="Soap.testRunner2"/>
</testsuite> <!-- Soap.testRunner2 -->
