<?xml version="1.0" encoding="UTF-8"?>
<!-- Generated by org.testng.reporters.JUnitReportReporter -->
<testsuite hostname="DESKTOP-GOMK6OD" name="Rest.restRunner2" tests="1" failures="0" timestamp="27 Jul 2018 10:50:16 GMT" time="1.536" errors="0">
  <testcase name="RestTest2" time="1.536" classname="Rest.restRunner2"/>
</testsuite> <!-- Rest.restRunner2 -->
