<?xml version="1.0" encoding="UTF-8"?>
<!-- Generated by org.testng.reporters.JUnitReportReporter -->
<testsuite hostname="DESKTOP-GOMK6OD" name="Rest.restRunner" tests="1" failures="0" timestamp="27 Jul 2018 10:50:15 GMT" time="143.480" errors="0">
  <testcase name="RestTest1" time="143.480" classname="Rest.restRunner"/>
</testsuite> <!-- Rest.restRunner -->
