<?xml version="1.0" encoding="UTF-8"?>
<!-- Generated by org.testng.reporters.JUnitReportReporter -->
<testsuite hostname="DESKTOP-GOMK6OD" name="testRunner2" tests="1" failures="0" timestamp="19 Jul 2018 11:10:36 GMT" time="4.044" errors="0">
  <testcase name="singleTest" time="4.044" classname="testRunner2"/>
</testsuite> <!-- testRunner2 -->
