<?xml version="1.0" encoding="UTF-8"?>
<!-- Generated by org.testng.reporters.JUnitReportReporter -->
<testsuite hostname="DESKTOP-GOMK6OD" name="testRunner" tests="1" failures="0" timestamp="18 Jul 2018 11:32:54 GMT" time="7.712" errors="0">
  <testcase name="SoapTest" time="7.712" classname="testRunner"/>
</testsuite> <!-- testRunner -->
